<?xml version="1.0" encoding="UTF-8"?>
<testsuites>
  <testsuite name="fastlane.lanes">
    
    
    
      
      <testcase classname="fastlane.lanes" name="0: default_platform" time="0.000241257">
        
      </testcase>
    
      
      <testcase classname="fastlane.lanes" name="1: assembleRelease" time="170.818704583">
        
          <failure message="/var/lib/gems/2.7.0/gems/fastlane-2.212.1/fastlane/lib/fastlane/actions/actions_helper.rb:67:in `execute_action'&#10;/var/lib/gems/2.7.0/gems/fastlane-2.212.1/fastlane/lib/fastlane/runner.rb:255:in `block in execute_action'&#10;/var/lib/gems/2.7.0/gems/fastlane-2.212.1/fastlane/lib/fastlane/runner.rb:229:in `chdir'&#10;/var/lib/gems/2.7.0/gems/fastlane-2.212.1/fastlane/lib/fastlane/runner.rb:229:in `execute_action'&#10;/var/lib/gems/2.7.0/gems/fastlane-2.212.1/fastlane/lib/fastlane/runner.rb:157:in `trigger_action_by_name'&#10;/var/lib/gems/2.7.0/gems/fastlane-2.212.1/fastlane/lib/fastlane/fast_file.rb:159:in `method_missing'&#10;Fastfile:27:in `block (2 levels) in parsing_binding'&#10;/var/lib/gems/2.7.0/gems/fastlane-2.212.1/fastlane/lib/fastlane/lane.rb:33:in `call'&#10;/var/lib/gems/2.7.0/gems/fastlane-2.212.1/fastlane/lib/fastlane/runner.rb:49:in `block in execute'&#10;/var/lib/gems/2.7.0/gems/fastlane-2.212.1/fastlane/lib/fastlane/runner.rb:45:in `chdir'&#10;/var/lib/gems/2.7.0/gems/fastlane-2.212.1/fastlane/lib/fastlane/runner.rb:45:in `execute'&#10;/var/lib/gems/2.7.0/gems/fastlane-2.212.1/fastlane/lib/fastlane/lane_manager.rb:47:in `cruise_lane'&#10;/var/lib/gems/2.7.0/gems/fastlane-2.212.1/fastlane/lib/fastlane/command_line_handler.rb:36:in `handle'&#10;/var/lib/gems/2.7.0/gems/fastlane-2.212.1/fastlane/lib/fastlane/commands_generator.rb:110:in `block (2 levels) in run'&#10;/var/lib/gems/2.7.0/gems/commander-4.6.0/lib/commander/command.rb:187:in `call'&#10;/var/lib/gems/2.7.0/gems/commander-4.6.0/lib/commander/command.rb:157:in `run'&#10;/var/lib/gems/2.7.0/gems/commander-4.6.0/lib/commander/runner.rb:444:in `run_active_command'&#10;/var/lib/gems/2.7.0/gems/fastlane-2.212.1/fastlane_core/lib/fastlane_core/ui/fastlane_runner.rb:124:in `run!'&#10;/var/lib/gems/2.7.0/gems/commander-4.6.0/lib/commander/delegates.rb:18:in `run!'&#10;/var/lib/gems/2.7.0/gems/fastlane-2.212.1/fastlane/lib/fastlane/commands_generator.rb:354:in `run'&#10;/var/lib/gems/2.7.0/gems/fastlane-2.212.1/fastlane/lib/fastlane/commands_generator.rb:43:in `start'&#10;/var/lib/gems/2.7.0/gems/fastlane-2.212.1/fastlane/lib/fastlane/cli_tools_distributor.rb:123:in `take_off'&#10;/var/lib/gems/2.7.0/gems/fastlane-2.212.1/bin/fastlane:23:in `&lt;top (required)&gt;'&#10;/usr/local/bin/fastlane:23:in `load'&#10;/usr/local/bin/fastlane:23:in `&lt;main&gt;'&#10;&#10;Exit status of command '/usr/src/project/gradlew assembleRelease -p .' was 1 instead of 0.&#10;Downloading https://services.gradle.org/distributions/gradle-7.5-bin.zip&#10;...........10%............20%...........30%............40%...........50%............60%...........70%............80%...........90%............100%&#10;&#10;Welcome to Gradle 7.5!&#10;&#10;Here are the highlights of this release:&#10; - Support for Java 18&#10; - Support for building with Groovy 4&#10; - Much more responsive continuous builds&#10; - Improved diagnostics for dependency resolution&#10;&#10;For more details see https://docs.gradle.org/7.5/release-notes.html&#10;&#10;Starting a Gradle Daemon (subsequent builds will be faster)&#10;Checking the license for package Android SDK Build-Tools 30.0.3 in /android-sdk-linux/licenses&#10;License for package Android SDK Build-Tools 30.0.3 accepted.&#10;Preparing &quot;Install Android SDK Build-Tools 30.0.3 (revision: 30.0.3)&quot;.&#10;&quot;Install Android SDK Build-Tools 30.0.3 (revision: 30.0.3)&quot; ready.&#10;Installing Android SDK Build-Tools 30.0.3 in /android-sdk-linux/build-tools/30.0.3&#10;&quot;Install Android SDK Build-Tools 30.0.3 (revision: 30.0.3)&quot; complete.&#10;&quot;Install Android SDK Build-Tools 30.0.3 (revision: 30.0.3)&quot; finished.&#10;&gt; Task :app:preBuild UP-TO-DATE&#10;&gt; Task :app:preReleaseBuild UP-TO-DATE&#10;&gt; Task :app:compileReleaseAidl NO-SOURCE&#10;&gt; Task :app:compileReleaseRenderscript NO-SOURCE&#10;&gt; Task :app:generateReleaseBuildConfig&#10;&gt; Task :app:javaPreCompileRelease&#10;&gt; Task :app:generateReleaseResValues&#10;&gt; Task :app:checkReleaseAarMetadata&#10;&gt; Task :app:mapReleaseSourceSetPaths&#10;&gt; Task :app:generateReleaseResources&#10;&gt; Task :app:createReleaseCompatibleScreenManifests&#10;&gt; Task :app:extractDeepLinksRelease&#10;&gt; Task :app:processReleaseMainManifest&#10;&gt; Task :app:processReleaseManifest&#10;&gt; Task :app:extractProguardFiles&#10;&gt; Task :app:mergeReleaseJniLibFolders&#10;&gt; Task :app:mergeReleaseResources&#10;&gt; Task :app:mergeReleaseNativeLibs NO-SOURCE&#10;&gt; Task :app:stripReleaseDebugSymbols NO-SOURCE&#10;&gt; Task :app:extractReleaseNativeSymbolTables NO-SOURCE&#10;&gt; Task :app:mergeReleaseNativeDebugMetadata NO-SOURCE&#10;&gt; Task :app:checkReleaseDuplicateClasses&#10;&gt; Task :app:desugarReleaseFileDependencies&#10;&gt; Task :app:mergeReleaseShaders&#10;&gt; Task :app:compileReleaseShaders NO-SOURCE&#10;&gt; Task :app:generateReleaseAssets UP-TO-DATE&#10;&gt; Task :app:mergeReleaseAssets&#10;&gt; Task :app:processReleaseJavaRes NO-SOURCE&#10;&gt; Task :app:processReleaseManifestForPackage&#10;&gt; Task :app:collectReleaseDependencies&#10;&gt; Task :app:sdkReleaseDependencyData&#10;&gt; Task :app:validateSigningRelease&#10;&gt; Task :app:writeReleaseAppMetadata&#10;&gt; Task :app:writeReleaseSigningConfigVersions&#10;&gt; Task :app:mergeReleaseJavaResource&#10;&gt; Task :app:mergeReleaseArtProfile&#10;&gt; Task :app:compressReleaseAssets&#10;&gt; Task :app:mergeExtDexRelease&#10;&gt; Task :app:processReleaseResources&#10;&#10;&gt; Task :app:compileReleaseJavaWithJavac&#10;Note: Some input files use or override a deprecated API.&#10;Note: Recompile with -Xlint:deprecation for details.&#10;&#10;&gt; Task :app:dexBuilderRelease&#10;&gt; Task :app:optimizeReleaseResources&#10;&gt; Task :app:mergeDexRelease&#10;&gt; Task :app:compileReleaseArtProfile&#10;&gt; Task :app:packageRelease FAILED&#10;&gt; Task :app:lintVitalAnalyzeRelease&#10;&#10;FAILURE: Build failed with an exception.&#10;&#10;* What went wrong:&#10;Execution failed for task ':app:packageRelease'.&#10;&gt; A failure occurred while executing com.android.build.gradle.tasks.PackageAndroidArtifact$IncrementalSplitterRunnable&#10;   &gt; com.android.ide.common.signing.KeytoolException: Failed to read key null from store &quot;/usr/src/project/app/keyADN.jks&quot;: Keystore was tampered with, or password was incorrect&#10;&#10;* Try:&#10;&gt; Run with --stacktrace option to get the stack trace.&#10;&gt; Run with --info or --debug option to get more log output.&#10;&gt; Run with --scan to get full insights.&#10;&#10;* Get more help at https://help.gradle.org&#10;&#10;BUILD FAILED in 2m 50s&#10;34 actionable tasks: 34 executed&#10;" />
        
      </testcase>
    
  </testsuite>
</testsuites>
